<?xml version="1.0" encoding="UTF-8"?>
<!-- Generated by org.testng.reporters.JUnitXMLReporter -->
<testsuite ignored="0" hostname="DESKTOP-O1RHDTI" failures="1" tests="1" name="EdgeTest" time="54.471" errors="0" timestamp="30 Aug 2022 13:19:18 GMT">
  <testcase classname="com.TataCliq.SetTheProductNameAndProductDecandPrizeTest" name="setTheProductNameAndProductDecandPrizeTest" time="4.339">
    <failure type="org.openqa.selenium.ElementClickInterceptedException" message="element click intercepted: Element &amp;lt;input type=&amp;quot;search&amp;quot; autocomplete=&amp;quot;off&amp;quot; autocorrect=&amp;quot;off&amp;quot; id=&amp;quot;search-text-input&amp;quot; placeholder=&amp;quot;&amp;quot; class=&amp;quot;Input2__inputBox Input2__hidePlaceholder&amp;quot; data-test=&amp;quot;control-input-field&amp;quot; value=&amp;quot;&amp;quot; style=&amp;quot;font-size: 14px; color: rgb(255, 255, 255); font-family: regular; font-style: normal; font-weight: normal; padding: 1px 10px 0px 8px;&amp;quot;&amp;gt; is not clickable at point (869, 70). Other element would receive the click: &amp;lt;div class=&amp;quot;wzrk-overlay&amp;quot;&amp;gt;&amp;lt;/div&amp;gt;
  (Session info: MicrosoftEdge=104.0.1293.70)
Build info: version: &amp;apos;3.141.59&amp;apos;, revision: &amp;apos;e82be7d358&amp;apos;, time: &amp;apos;2018-11-14T08:17:03&amp;apos;
System info: host: &amp;apos;DESKTOP-O1RHDTI&amp;apos;, ip: &amp;apos;192.168.115.199&amp;apos;, os.name: &amp;apos;Windows 10&amp;apos;, os.arch: &amp;apos;amd64&amp;apos;, os.version: &amp;apos;10.0&amp;apos;, java.version: &amp;apos;16.0.1&amp;apos;
Driver info: org.openqa.selenium.edge.EdgeDriver
Capabilities {acceptInsecureCerts: false, browserName: msedge, browserVersion: 104.0.1293.70, javascriptEnabled: true, ms:edgeOptions: {debuggerAddress: localhost:64785}, msedge: {msedgedriverVersion: 104.0.1293.70 (6709c341bd06..., userDataDir: C:\Users\Admin\AppData\Loca...}, networkConnectionEnabled: false, pageLoadStrategy: normal, platform: WINDOWS, platformName: WINDOWS, proxy: Proxy(), setWindowRect: true, strictFileInteractability: false, timeouts: {implicit: 0, pageLoad: 300000, script: 30000}, unhandledPromptBehavior: dismiss and notify, webauthn:extension:credBlob: true, webauthn:extension:largeBlob: true, webauthn:virtualAuthenticators: true}
Session ID: c661c4d78e876d73432b7c97f504d8b2">
      <![CDATA[org.openqa.selenium.ElementClickInterceptedException: element click intercepted: Element <input type="search" autocomplete="off" autocorrect="off" id="search-text-input" placeholder="" class="Input2__inputBox Input2__hidePlaceholder" data-test="control-input-field" value="" style="font-size: 14px; color: rgb(255, 255, 255); font-family: regular; font-style: normal; font-weight: normal; padding: 1px 10px 0px 8px;"> is not clickable at point (869, 70). Other element would receive the click: <div class="wzrk-overlay"></div>
  (Session info: MicrosoftEdge=104.0.1293.70)
Build info: version: '3.141.59', revision: 'e82be7d358', time: '2018-11-14T08:17:03'
System info: host: 'DESKTOP-O1RHDTI', ip: '192.168.115.199', os.name: 'Windows 10', os.arch: 'amd64', os.version: '10.0', java.version: '16.0.1'
Driver info: org.openqa.selenium.edge.EdgeDriver
Capabilities {acceptInsecureCerts: false, browserName: msedge, browserVersion: 104.0.1293.70, javascriptEnabled: true, ms:edgeOptions: {debuggerAddress: localhost:64785}, msedge: {msedgedriverVersion: 104.0.1293.70 (6709c341bd06..., userDataDir: C:\Users\Admin\AppData\Loca...}, networkConnectionEnabled: false, pageLoadStrategy: normal, platform: WINDOWS, platformName: WINDOWS, proxy: Proxy(), setWindowRect: true, strictFileInteractability: false, timeouts: {implicit: 0, pageLoad: 300000, script: 30000}, unhandledPromptBehavior: dismiss and notify, webauthn:extension:credBlob: true, webauthn:extension:largeBlob: true, webauthn:virtualAuthenticators: true}
Session ID: c661c4d78e876d73432b7c97f504d8b2
at org.openqa.selenium.remote.http.W3CHttpResponseCodec.createException(W3CHttpResponseCodec.java:187)
at org.openqa.selenium.remote.http.W3CHttpResponseCodec.decode(W3CHttpResponseCodec.java:122)
at org.openqa.selenium.remote.http.W3CHttpResponseCodec.decode(W3CHttpResponseCodec.java:49)
at org.openqa.selenium.remote.HttpCommandExecutor.execute(HttpCommandExecutor.java:158)
at org.openqa.selenium.remote.service.DriverCommandExecutor.execute(DriverCommandExecutor.java:83)
at org.openqa.selenium.remote.RemoteWebDriver.execute(RemoteWebDriver.java:552)
at org.openqa.selenium.remote.RemoteWebElement.execute(RemoteWebElement.java:285)
at org.openqa.selenium.remote.RemoteWebElement.click(RemoteWebElement.java:84)
at org.openqa.selenium.support.pagefactory.internal.LocatingElementHandler.invoke(LocatingElementHandler.java:51)
at jdk.proxy2/jdk.proxy2.$Proxy18.click(Unknown Source)
at com.ObjectRepo.HomePageTest.homePage(HomePageTest.java:32)
at com.TataCliq.SetTheProductNameAndProductDecandPrizeTest.setTheProductNameAndProductDecandPrizeTest(SetTheProductNameAndProductDecandPrizeTest.java:20)
at java.base/java.util.concurrent.FutureTask.run(FutureTask.java:264)
at java.base/java.util.concurrent.ThreadPoolExecutor.runWorker(ThreadPoolExecutor.java:1130)
at java.base/java.util.concurrent.ThreadPoolExecutor$Worker.run(ThreadPoolExecutor.java:630)
at java.base/java.lang.Thread.run(Thread.java:831)
... Removed 25 stack frames]]>
    </failure>
  </testcase> <!-- setTheProductNameAndProductDecandPrizeTest -->
</testsuite> <!-- EdgeTest -->
